<?xml version="1.0" encoding="UTF-8"?>
<testsuite name="ScrabbleTest" tests="1" skipped="0" failures="0" errors="0" timestamp="2016-02-09T21:21:41" hostname="epicodus-47.local" time="0.0">
  <properties/>
  <testcase name="getScore_forUserInputA_returnsScore1" classname="ScrabbleTest" time="0.0"/>
  <system-out><![CDATA[]]></system-out>
  <system-err><![CDATA[]]></system-err>
</testsuite>
