<?xml version="1.0" encoding="UTF-8"?>
<testsuite name="PingPongTest" tests="4" skipped="0" failures="0" errors="0" timestamp="2016-02-09T21:13:05" hostname="epicodus-47.local" time="0.002">
  <properties/>
  <testcase name="isPingPong_arrayPing" classname="PingPongTest" time="0.002"/>
  <testcase name="isPingPong_arrayPong" classname="PingPongTest" time="0.0"/>
  <testcase name="isPingPong_array" classname="PingPongTest" time="0.0"/>
  <testcase name="isPingPong_arrayPingPong" classname="PingPongTest" time="0.0"/>
  <system-out><![CDATA[]]></system-out>
  <system-err><![CDATA[]]></system-err>
</testsuite>
